生成启动时间为 2017/5/28 0:00:07。
     1>项目“C:\Users\Administrator\Desktop\kinect_1\kinect_1\kinect_1.vcxproj”在节点 2 上(Build 个目标)。
     1>ClCompile:
         C:\Program Files (x86)\Microsoft Visual Studio 14.0\VC\bin\x86_amd64\CL.exe /c /Zi /nologo /W3 /WX- /O2 /Oi /GL /D NDEBUG /D _CONSOLE /D _UNICODE /D UNICODE /Gm- /EHsc /MD /GS /Gy /fp:precise /Zc:wchar_t /Zc:forScope /Zc:inline /Fo"x64\Release\\" /Fd"x64\Release\vc140.pdb" /Gd /TP /errorReport:prompt kinect_1.cpp
         kinect_1.cpp
     1>kinect_1.cpp : warning C4819: 该文件包含不能在当前代码页(936)中表示的字符。请将该文件保存为 Unicode 格式以防止数据丢失
     1>kinect_1.cpp(205): warning C4244: “初始化”: 从“float”转换到“int”，可能丢失数据
     1>kinect_1.cpp(207): warning C4244: “初始化”: 从“int”转换到“float”，可能丢失数据
     1>kinect_1.cpp(209): warning C4305: “初始化”: 从“double”到“float”截断
     1>kinect_1.cpp(210): warning C4305: “初始化”: 从“double”到“float”截断
     1>kinect_1.cpp(327): warning C4244: “=”: 从“float”转换到“int”，可能丢失数据
     1>kinect_1.cpp(332): warning C4244: “=”: 从“float”转换到“int”，可能丢失数据
     1>kinect_1.cpp(339): warning C4244: “=”: 从“float”转换到“int”，可能丢失数据
     1>kinect_1.cpp(417): warning C4244: “=”: 从“float”转换到“int”，可能丢失数据
     1>kinect_1.cpp(423): warning C4244: “=”: 从“float”转换到“int”，可能丢失数据
     1>kinect_1.cpp(429): warning C4244: “=”: 从“float”转换到“int”，可能丢失数据
     1>kinect_1.cpp(515): warning C4244: “=”: 从“float”转换到“int”，可能丢失数据
     1>kinect_1.cpp(521): warning C4244: “=”: 从“float”转换到“int”，可能丢失数据
     1>kinect_1.cpp(527): warning C4244: “=”: 从“float”转换到“int”，可能丢失数据
       Link:
         C:\Program Files (x86)\Microsoft Visual Studio 14.0\VC\bin\x86_amd64\link.exe /ERRORREPORT:PROMPT /OUT:"C:\Users\Administrator\Desktop\kinect_1\x64\Release\kinect_1.exe" /INCREMENTAL:NO /NOLOGO opencv_objdetect249.lib opencv_ts249.lib opencv_video249.lib opencv_nonfree249.lib opencv_ocl249.lib opencv_photo249.lib opencv_stitching249.lib opencv_superres249.lib opencv_videostab249.lib opencv_calib3d249.lib opencv_contrib249.lib opencv_core249.lib opencv_features2d249.lib opencv_flann249.lib opencv_gpu249.lib opencv_highgui249.lib opencv_imgproc249.lib opencv_legacy249.lib opencv_ml249.lib kernel32.lib user32.lib gdi32.lib winspool.lib comdlg32.lib advapi32.lib shell32.lib ole32.lib oleaut32.lib uuid.lib odbc32.lib odbccp32.lib /MANIFEST /MANIFESTUAC:"level='asInvoker' uiAccess='false'" /manifest:embed /Debug /PDB:"C:\Users\Administrator\Desktop\kinect_1\x64\Release\kinect_1.pdb" /SUBSYSTEM:CONSOLE /OPT:REF /OPT:ICF /LTCG:incremental /TLBID:1 /DYNAMICBASE /NXCOMPAT /IMPLIB:"C:\Users\Administrator\Desktop\kinect_1\x64\Release\kinect_1.lib" /MACHINE:X64 x64\Release\kinect_1.obj
         正在生成代码
         0 of 293 functions ( 0.0%) were compiled, the rest were copied from previous compilation.
           0 functions were new in current compilation
           0 functions had inline decision re-evaluated but remain unchanged
         已完成代码的生成
         kinect_1.vcxproj -> C:\Users\Administrator\Desktop\kinect_1\x64\Release\kinect_1.exe
     1>已完成生成项目“C:\Users\Administrator\Desktop\kinect_1\kinect_1\kinect_1.vcxproj”(Build 个目标)的操作。

已成功生成。

已用时间 00:00:01.25
