<<<<<<< HEAD
﻿生成启动时间为 2017/5/28 0:10:22。
     1>项目“C:\Users\Administrator\Desktop\kinect_1\kinect_1\kinect_1.vcxproj”在节点 2 上(Build 个目标)。
     1>ClCompile:
         C:\Program Files (x86)\Microsoft Visual Studio 14.0\VC\bin\CL.exe /c /ZI /nologo /W3 /WX- /Od /Oy- /D WIN32 /D _DEBUG /D _CONSOLE /D _UNICODE /D UNICODE /Gm /EHsc /RTC1 /MDd /GS /fp:precise /Zc:wchar_t /Zc:forScope /Zc:inline /openmp /Fo"Debug\\" /Fd"Debug\vc140.pdb" /Gd /TP /analyze- /errorReport:prompt kinect_1.cpp
         kinect_1.cpp
     1>c:\users\administrator\desktop\kinect_1\kinect_1\kinect_1.cpp : warning C4819: 该文件包含不能在当前代码页(936)中表示的字符。请将该文件保存为 Unicode 格式以防止数据丢失
     1>c:\users\administrator\desktop\kinect_1\kinect_1\kinect_1.cpp(205): warning C4244: “初始化”: 从“float”转换到“int”，可能丢失数据
     1>c:\users\administrator\desktop\kinect_1\kinect_1\kinect_1.cpp(207): warning C4244: “初始化”: 从“int”转换到“float”，可能丢失数据
     1>c:\users\administrator\desktop\kinect_1\kinect_1\kinect_1.cpp(209): warning C4305: “初始化”: 从“double”到“float”截断
     1>c:\users\administrator\desktop\kinect_1\kinect_1\kinect_1.cpp(210): warning C4305: “初始化”: 从“double”到“float”截断
     1>c:\users\administrator\desktop\kinect_1\kinect_1\kinect_1.cpp(328): warning C4244: “=”: 从“float”转换到“int”，可能丢失数据
     1>c:\users\administrator\desktop\kinect_1\kinect_1\kinect_1.cpp(333): warning C4244: “=”: 从“float”转换到“int”，可能丢失数据
     1>c:\users\administrator\desktop\kinect_1\kinect_1\kinect_1.cpp(340): warning C4244: “=”: 从“float”转换到“int”，可能丢失数据
     1>c:\users\administrator\desktop\kinect_1\kinect_1\kinect_1.cpp(418): warning C4244: “=”: 从“float”转换到“int”，可能丢失数据
     1>c:\users\administrator\desktop\kinect_1\kinect_1\kinect_1.cpp(424): warning C4244: “=”: 从“float”转换到“int”，可能丢失数据
     1>c:\users\administrator\desktop\kinect_1\kinect_1\kinect_1.cpp(430): warning C4244: “=”: 从“float”转换到“int”，可能丢失数据
     1>c:\users\administrator\desktop\kinect_1\kinect_1\kinect_1.cpp(516): warning C4244: “=”: 从“float”转换到“int”，可能丢失数据
     1>c:\users\administrator\desktop\kinect_1\kinect_1\kinect_1.cpp(522): warning C4244: “=”: 从“float”转换到“int”，可能丢失数据
     1>c:\users\administrator\desktop\kinect_1\kinect_1\kinect_1.cpp(528): warning C4244: “=”: 从“float”转换到“int”，可能丢失数据
       Link:
         C:\Program Files (x86)\Microsoft Visual Studio 14.0\VC\bin\link.exe /ERRORREPORT:PROMPT /OUT:"C:\Users\Administrator\Desktop\kinect_1\Debug\kinect_1.exe" /INCREMENTAL /NOLOGO opencv_ml249d.lib opencv_calib3d249d.lib opencv_contrib249d.lib opencv_core249d.lib opencv_features2d249d.lib opencv_flann249d.lib opencv_gpu249d.lib opencv_highgui249d.lib opencv_imgproc249d.lib opencv_legacy249d.lib opencv_objdetect249d.lib opencv_ts249d.lib opencv_video249d.lib opencv_nonfree249d.lib opencv_ocl249d.lib opencv_photo249d.lib opencv_stitching249d.lib opencv_superres249d.lib opencv_videostab249d.lib kernel32.lib user32.lib gdi32.lib winspool.lib comdlg32.lib advapi32.lib shell32.lib ole32.lib oleaut32.lib uuid.lib odbc32.lib odbccp32.lib /MANIFEST /MANIFESTUAC:"level='asInvoker' uiAccess='false'" /manifest:embed /Debug /PDB:"C:\Users\Administrator\Desktop\kinect_1\Debug\kinect_1.pdb" /SUBSYSTEM:CONSOLE /TLBID:1 /DYNAMICBASE /NXCOMPAT /IMPLIB:"C:\Users\Administrator\Desktop\kinect_1\Debug\kinect_1.lib" /MACHINE:X86 Debug\kinect_1.obj
         kinect_1.vcxproj -> C:\Users\Administrator\Desktop\kinect_1\Debug\kinect_1.exe
     1>已完成生成项目“C:\Users\Administrator\Desktop\kinect_1\kinect_1\kinect_1.vcxproj”(Build 个目标)的操作。

已成功生成。

已用时间 00:00:01.39
=======
﻿  kinect_1.cpp
c:\users\jx\documents\重要文件\kinect骨骼点\kinect_1\kinect_1\kinect_1.cpp : warning C4819: 该文件包含不能在当前代码页(936)中表示的字符。请将该文件保存为 Unicode 格式以防止数据丢失
c:\users\jx\documents\重要文件\kinect骨骼点\kinect_1\kinect_1\kinect_1.cpp(84): warning C4244: “初始化”: 从“float”转换到“int”，可能丢失数据
c:\users\jx\documents\重要文件\kinect骨骼点\kinect_1\kinect_1\kinect_1.cpp(86): warning C4244: “初始化”: 从“int”转换到“float”，可能丢失数据
c:\users\jx\documents\重要文件\kinect骨骼点\kinect_1\kinect_1\kinect_1.cpp(88): warning C4305: “初始化”: 从“double”到“float”截断
c:\users\jx\documents\重要文件\kinect骨骼点\kinect_1\kinect_1\kinect_1.cpp(89): warning C4305: “初始化”: 从“double”到“float”截断
c:\users\jx\documents\重要文件\kinect骨骼点\kinect_1\kinect_1\kinect_1.cpp(196): warning C4244: “=”: 从“float”转换到“int”，可能丢失数据
c:\users\jx\documents\重要文件\kinect骨骼点\kinect_1\kinect_1\kinect_1.cpp(200): warning C4244: “=”: 从“float”转换到“int”，可能丢失数据
c:\users\jx\documents\重要文件\kinect骨骼点\kinect_1\kinect_1\kinect_1.cpp(315): warning C4244: “=”: 从“float”转换到“int”，可能丢失数据
  kinect_1.vcxproj -> C:\Users\jx\Documents\重要文件\Kinect骨骼点\kinect_1\Debug\kinect_1.exe
  kinect_1.vcxproj -> C:\Users\jx\Documents\重要文件\Kinect骨骼点\kinect_1\Debug\kinect_1.pdb (Full PDB)
>>>>>>> origin/master
