生成启动时间为 2017/5/28 16:05:56。
     1>项目“C:\Users\Administrator\Desktop\kinect_1\kinect_1\kinect_1.vcxproj”在节点 2 上(Build 个目标)。
     1>ClCompile:
         C:\Program Files (x86)\Microsoft Visual Studio 14.0\VC\bin\CL.exe /c /Zi /nologo /W3 /WX- /O2 /Oi /Oy- /GL /D WIN32 /D NDEBUG /D _CONSOLE /D _UNICODE /D UNICODE /Gm- /EHsc /MD /GS /Gy /fp:precise /Zc:wchar_t /Zc:forScope /Zc:inline /openmp /Fo"Release\\" /Fd"Release\vc140.pdb" /Gd /TP /analyze- /errorReport:prompt kinect_1.cpp
         kinect_1.cpp
     1>kinect_1.cpp : warning C4819: 该文件包含不能在当前代码页(936)中表示的字符。请将该文件保存为 Unicode 格式以防止数据丢失
     1>kinect_1.cpp(207): warning C4244: “初始化”: 从“float”转换到“int”，可能丢失数据
     1>kinect_1.cpp(208): warning C4244: “初始化”: 从“float”转换到“int”，可能丢失数据
     1>kinect_1.cpp(211): warning C4305: “初始化”: 从“double”到“float”截断
     1>kinect_1.cpp(212): warning C4305: “初始化”: 从“double”到“float”截断
     1>kinect_1.cpp(234): warning C4244: “参数”: 从“float”转换到“int”，可能丢失数据
     1>kinect_1.cpp(326): warning C4244: “=”: 从“float”转换到“int”，可能丢失数据
     1>kinect_1.cpp(333): warning C4244: “=”: 从“float”转换到“int”，可能丢失数据
     1>kinect_1.cpp(341): warning C4244: “=”: 从“float”转换到“int”，可能丢失数据
     1>kinect_1.cpp(427): warning C4244: “=”: 从“float”转换到“int”，可能丢失数据
     1>kinect_1.cpp(433): warning C4244: “=”: 从“float”转换到“int”，可能丢失数据
     1>kinect_1.cpp(439): warning C4244: “=”: 从“float”转换到“int”，可能丢失数据
     1>kinect_1.cpp(548): warning C4018: “<”: 有符号/无符号不匹配
       Link:
         C:\Program Files (x86)\Microsoft Visual Studio 14.0\VC\bin\link.exe /ERRORREPORT:PROMPT /OUT:"C:\Users\Administrator\Desktop\kinect_1\Release\kinect_1.exe" /INCREMENTAL:NO /NOLOGO opencv_objdetect249.lib opencv_ts249.lib opencv_video249.lib opencv_nonfree249.lib opencv_ocl249.lib opencv_photo249.lib opencv_stitching249.lib opencv_superres249.lib opencv_videostab249.lib opencv_calib3d249.lib opencv_contrib249.lib opencv_core249.lib opencv_features2d249.lib opencv_flann249.lib opencv_gpu249.lib opencv_highgui249.lib opencv_imgproc249.lib opencv_legacy249.lib opencv_ml249.lib kernel32.lib user32.lib gdi32.lib winspool.lib comdlg32.lib advapi32.lib shell32.lib ole32.lib oleaut32.lib uuid.lib odbc32.lib odbccp32.lib /MANIFEST /MANIFESTUAC:"level='asInvoker' uiAccess='false'" /manifest:embed /Debug /PDB:"C:\Users\Administrator\Desktop\kinect_1\Release\kinect_1.pdb" /SUBSYSTEM:CONSOLE /OPT:REF /OPT:ICF /LTCG:incremental /TLBID:1 /DYNAMICBASE /NXCOMPAT /IMPLIB:"C:\Users\Administrator\Desktop\kinect_1\Release\kinect_1.lib" /MACHINE:X86 /SAFESEH Release\kinect_1.obj
         正在生成代码
         2 of 297 functions ( 0.7%) were compiled, the rest were copied from previous compilation.
           1 functions were new in current compilation
           0 functions had inline decision re-evaluated but remain unchanged
         已完成代码的生成
         kinect_1.vcxproj -> C:\Users\Administrator\Desktop\kinect_1\Release\kinect_1.exe
     1>已完成生成项目“C:\Users\Administrator\Desktop\kinect_1\kinect_1\kinect_1.vcxproj”(Build 个目标)的操作。

已成功生成。

已用时间 00:00:01.31
